<?xml version="1.0" encoding="UTF-8"?>
<!-- Generated by org.testng.reporters.JUnitReportReporter -->
<testsuite skipped="0" hostname="LAPTOP-2BBC8N4P" name="com.crm.qa.testcases.HomePageTest" tests="1" failures="0" timestamp="2021-01-18T13:48:19 CST" time="7.864" errors="0">
  <testcase name="validateHomePageTitleTest" time="7.864" classname="com.crm.qa.testcases.HomePageTest"/>
  <system-out/>
</testsuite> <!-- com.crm.qa.testcases.HomePageTest -->
