<?xml version="1.0" encoding="UTF-8"?>
<!-- Generated by org.testng.reporters.JUnitReportReporter -->
<testsuite skipped="0" hostname="LAPTOP-2BBC8N4P" name="test.CrmTestNG" tests="2" failures="0" timestamp="2021-01-17T20:27:09 CST" time="31.797" errors="0">
  <testcase name="HomeLoginTest" time="16.221" classname="test.CrmTestNG"/>
  <system-out/>
  <testcase name="addCustomerTest" time="15.576" classname="test.CrmTestNG"/>
  <system-out/>
</testsuite> <!-- test.CrmTestNG -->
