<?xml version="1.0" encoding="UTF-8"?>
<!-- Generated by org.testng.reporters.JUnitReportReporter -->
<testsuite skipped="0" hostname="LAPTOP-2BBC8N4P" name="page.CrmTestNG" tests="1" failures="0" timestamp="2021-01-16T13:44:30 CST" time="13.352" errors="0">
  <testcase name="HomeLoginTest" time="13.352" classname="page.CrmTestNG"/>
  <system-out/>
</testsuite> <!-- page.CrmTestNG -->
