<?xml version="1.0" encoding="UTF-8"?>
<!-- Generated by org.testng.reporters.JUnitReportReporter -->
<testsuite skipped="0" hostname="LAPTOP-2BBC8N4P" name="com.crm.qa.testcases.LoginPageTest" tests="2" failures="0" timestamp="2021-01-21T18:49:13 CST" time="14.189" errors="0">
  <testcase name="validateLoginPageTitleTest" time="6.460" classname="com.crm.qa.testcases.LoginPageTest"/>
  <system-out/>
  <testcase name="loginTest" time="7.729" classname="com.crm.qa.testcases.LoginPageTest"/>
  <system-out/>
</testsuite> <!-- com.crm.qa.testcases.LoginPageTest -->
