<?xml version="1.0" encoding="UTF-8"?>
<!-- Generated by org.testng.reporters.JUnitReportReporter -->
<testsuite skipped="0" hostname="LAPTOP-2BBC8N4P" name="com.crm.qa.testcases.HomePageTest" tests="1" failures="0" timestamp="2021-01-21T18:49:13 CST" time="8.945" errors="0">
  <testcase name="validateHomePageTitleTest" time="8.945" classname="com.crm.qa.testcases.HomePageTest"/>
  <system-out/>
</testsuite> <!-- com.crm.qa.testcases.HomePageTest -->
